<?xml version="1.0" encoding="UTF-8"?>
<!-- Generated by org.testng.reporters.JUnitReportReporter -->
<testsuite hostname="DESKTOP-LHVL74B" failures="0" tests="1" name="jenkinsprograms.Demo2" time="0.023" errors="0" timestamp="2023-08-29T23:25:17 IST" skipped="0">
  <testcase classname="jenkinsprograms.Demo2" name="demo2Test" time="0.023"/>
  <system-out/>
</testsuite> <!-- jenkinsprograms.Demo2 -->
