<?xml version="1.0" encoding="UTF-8"?>
<!-- Generated by org.testng.reporters.JUnitReportReporter -->
<testsuite hostname="DESKTOP-LHVL74B" failures="0" tests="1" name="jenkinsprograms.Demo1" time="0.025" errors="0" timestamp="2023-08-29T23:24:06 IST" skipped="0">
  <testcase classname="jenkinsprograms.Demo1" name="demo1test" time="0.025"/>
  <system-out/>
</testsuite> <!-- jenkinsprograms.Demo1 -->
